[15:37:08] [23988] [info] AuthApi buffer allocation 512 MB completed.
[15:37:08] [23988] [info] Connecting to 61.152.230.216:8093.
[15:37:08] [23988] [error] Authorization failed , status : -1
[15:37:11] [23988] [info] AuthApi buffer allocation 512 MB completed.
[15:37:11] [23988] [info] Connecting to 61.152.230.216:8093.
[15:37:11] [23988] [error] Authorization failed , status : -1
[15:37:14] [23988] [info] AuthApi buffer allocation 512 MB completed.
[15:37:14] [23988] [info] Connecting to 61.152.230.216:8093.
[15:37:14] [23988] [error] Authorization failed , status : -1
[15:37:17] [23988] [info] AuthApi buffer allocation 512 MB completed.
[15:37:17] [23988] [info] Connecting to 61.152.230.216:8093.
[15:37:17] [23988] [error] Authorization failed , status : -1
[15:43:50] [24020] [info] AuthApi buffer allocation 512 MB completed.
[15:43:50] [24020] [info] Connecting to 61.152.230.216:8093.
[15:43:50] [24020] [error] Authorization failed , status : -1
[15:43:53] [24020] [info] AuthApi buffer allocation 512 MB completed.
[15:43:53] [24020] [info] Connecting to 61.152.230.216:8093.
[15:43:53] [24020] [error] Authorization failed , status : -1
[15:43:56] [24020] [info] AuthApi buffer allocation 512 MB completed.
[15:43:56] [24020] [info] Connecting to 61.152.230.216:8093.
[15:43:56] [24020] [error] Authorization failed , status : -1
[15:45:18] [2240] [info] AuthApi buffer allocation 512 MB completed.
[15:45:18] [2240] [info] Connecting to 61.152.230.216:8093.
[15:45:18] [2240] [error] Authorization failed , status : -1
[15:45:21] [2240] [info] AuthApi buffer allocation 512 MB completed.
[15:45:21] [2240] [info] Connecting to 61.152.230.216:8093.
[15:45:21] [2240] [error] Authorization failed , status : -1
[15:45:52] [24020] [info] AuthApi buffer allocation 512 MB completed.
[15:45:52] [24020] [info] Connecting to 61.152.230.216:8093.
[15:45:52] [24020] [info] Authorization succeeded , session_id : 418e5d63d24f2852df9b4e2627ccfddd
[15:45:52] [21176] [debug] Gateway session 418e5d63d24f2852df9b4e2627ccfddd heartbeat.
[15:45:52] [24020] [debug] Session 418e5d63d24f2852df9b4e2627ccfddd SubscribeMarketData 1 10504
[15:45:52] [24020] [info] Recover subscription of GIVEN quotes successfully. Exchange 1.
[15:45:52] [24020] [debug] Session 418e5d63d24f2852df9b4e2627ccfddd SubscribeMarketData 2 10504
[15:45:52] [24020] [info] Recover subscription of GIVEN quotes successfully. Exchange 2.
[15:45:57] [21176] [debug] Gateway session 418e5d63d24f2852df9b4e2627ccfddd heartbeat.
[15:46:02] [21176] [debug] Gateway session 418e5d63d24f2852df9b4e2627ccfddd heartbeat.
[15:46:07] [21176] [debug] Gateway session 418e5d63d24f2852df9b4e2627ccfddd heartbeat.
[15:46:12] [21176] [debug] Gateway session 418e5d63d24f2852df9b4e2627ccfddd heartbeat.
[15:46:17] [21176] [debug] Gateway session 418e5d63d24f2852df9b4e2627ccfddd heartbeat.
[15:46:22] [21176] [debug] Gateway session 418e5d63d24f2852df9b4e2627ccfddd heartbeat.
[15:46:27] [21176] [debug] Gateway session 418e5d63d24f2852df9b4e2627ccfddd heartbeat.
[15:46:32] [21176] [debug] Gateway session 418e5d63d24f2852df9b4e2627ccfddd heartbeat.
[15:46:37] [21176] [debug] Gateway session 418e5d63d24f2852df9b4e2627ccfddd heartbeat.
[15:46:42] [21176] [debug] Gateway session 418e5d63d24f2852df9b4e2627ccfddd heartbeat.
[15:46:47] [21176] [debug] Gateway session 418e5d63d24f2852df9b4e2627ccfddd heartbeat.
[15:46:57] [8932] [info] AuthApi buffer allocation 512 MB completed.
[15:46:57] [8932] [info] Connecting to 61.152.230.216:8093.
[15:46:58] [8932] [info] Authorization succeeded , session_id : dc749efc36cd868f89e62138c11137dd
[15:46:58] [20596] [debug] Gateway session dc749efc36cd868f89e62138c11137dd heartbeat.
[15:46:58] [8932] [debug] Session dc749efc36cd868f89e62138c11137dd SubscribeMarketData 1 19325
[15:46:58] [8932] [info] Recover subscription of GIVEN quotes successfully. Exchange 1.
[15:46:58] [8932] [debug] Session dc749efc36cd868f89e62138c11137dd SubscribeMarketData 2 19325
[15:46:58] [8932] [info] Recover subscription of GIVEN quotes successfully. Exchange 2.
[15:47:03] [20596] [debug] Gateway session dc749efc36cd868f89e62138c11137dd heartbeat.
[15:47:08] [20596] [debug] Gateway session dc749efc36cd868f89e62138c11137dd heartbeat.
[15:47:13] [20596] [debug] Gateway session dc749efc36cd868f89e62138c11137dd heartbeat.
[15:47:18] [20596] [debug] Gateway session dc749efc36cd868f89e62138c11137dd heartbeat.
[15:47:23] [20596] [debug] Gateway session dc749efc36cd868f89e62138c11137dd heartbeat.
[15:47:28] [20596] [debug] Gateway session dc749efc36cd868f89e62138c11137dd heartbeat.
[15:47:33] [20596] [debug] Gateway session dc749efc36cd868f89e62138c11137dd heartbeat.
[15:47:38] [20596] [debug] Gateway session dc749efc36cd868f89e62138c11137dd heartbeat.
[15:47:43] [20596] [debug] Gateway session dc749efc36cd868f89e62138c11137dd heartbeat.
[15:47:48] [20596] [debug] Gateway session dc749efc36cd868f89e62138c11137dd heartbeat.
[15:47:53] [20596] [debug] Gateway session dc749efc36cd868f89e62138c11137dd heartbeat.
[15:47:58] [20596] [debug] Gateway session dc749efc36cd868f89e62138c11137dd heartbeat.
[15:51:43] [24820] [info] AuthApi buffer allocation 512 MB completed.
[15:51:43] [24820] [info] Connecting to 61.152.230.216:8093.
[15:51:43] [24820] [info] Authorization succeeded , session_id : 83abe1c30ff828e07c4bfa55a2feba9e
[15:51:43] [24888] [debug] Gateway session 83abe1c30ff828e07c4bfa55a2feba9e heartbeat.
[15:51:43] [24820] [debug] Session 83abe1c30ff828e07c4bfa55a2feba9e SubscribeMarketData 2 000001
[15:51:43] [24820] [info] Recover subscription of GIVEN quotes successfully. Exchange 2.
[15:51:48] [24888] [debug] Gateway session 83abe1c30ff828e07c4bfa55a2feba9e heartbeat.
[15:51:53] [24888] [debug] Gateway session 83abe1c30ff828e07c4bfa55a2feba9e heartbeat.
[15:51:58] [24888] [debug] Gateway session 83abe1c30ff828e07c4bfa55a2feba9e heartbeat.
